[debug] [2021-08-02T04:49:42.940Z] ----------------------------------------------------------------------
[debug] [2021-08-02T04:49:42.942Z] Command:       C:\Program Files\nodejs\node.exe C:\Users\infoa\AppData\Roaming\npm\node_modules\firebase-tools\lib\bin\firebase.js deploy
[debug] [2021-08-02T04:49:42.942Z] CLI Version:   9.16.0
[debug] [2021-08-02T04:49:42.942Z] Platform:      win32
[debug] [2021-08-02T04:49:42.942Z] Node Version:  v14.17.3
[debug] [2021-08-02T04:49:42.943Z] Time:          Mon Aug 02 2021 10:19:42 GMT+0530 (India Standard Time)
[debug] [2021-08-02T04:49:42.943Z] ----------------------------------------------------------------------
[debug] 
[debug] [2021-08-02T04:49:42.982Z] > command requires scopes: ["email","openid","https://www.googleapis.com/auth/cloudplatformprojects.readonly","https://www.googleapis.com/auth/firebase","https://www.googleapis.com/auth/cloud-platform"]
[debug] [2021-08-02T04:49:42.983Z] > authorizing via signed-in user (mariselvan3@gmail.com)
[debug] [2021-08-02T04:49:42.983Z] [iam] checking project ascentias-tech for permissions ["firebase.projects.get","firebasehosting.sites.update"]
[debug] [2021-08-02T04:49:42.984Z] >>> HTTP REQUEST POST https://cloudresourcemanager.googleapis.com/v1/projects/ascentias-tech:testIamPermissions  
 {"permissions":["firebase.projects.get","firebasehosting.sites.update"]}
[debug] [2021-08-02T04:49:44.780Z] <<< HTTP RESPONSE 200 {"content-type":"application/json; charset=UTF-8","vary":"X-Origin, Referer, Origin,Accept-Encoding","date":"Mon, 02 Aug 2021 04:49:47 GMT","server":"ESF","cache-control":"private","x-xss-protection":"0","x-frame-options":"SAMEORIGIN","x-content-type-options":"nosniff","server-timing":"gfet4t7; dur=1161","alt-svc":"h3=\":443\"; ma=2592000,h3-29=\":443\"; ma=2592000,h3-T051=\":443\"; ma=2592000,h3-Q050=\":443\"; ma=2592000,h3-Q046=\":443\"; ma=2592000,h3-Q043=\":443\"; ma=2592000,quic=\":443\"; ma=2592000; v=\"46,43\"","accept-ranges":"none","transfer-encoding":"chunked"}
[debug] [2021-08-02T04:49:44.781Z] > refreshing access token with scopes: []
[debug] [2021-08-02T04:49:44.781Z] >>> HTTP REQUEST POST https://www.googleapis.com/oauth2/v3/token  
 <request body omitted>
[debug] [2021-08-02T04:49:45.152Z] <<< HTTP RESPONSE 200 {"expires":"Mon, 01 Jan 1990 00:00:00 GMT","date":"Mon, 02 Aug 2021 04:49:47 GMT","cache-control":"no-cache, no-store, max-age=0, must-revalidate","pragma":"no-cache","content-type":"application/json; charset=utf-8","vary":"X-Origin, Referer, Origin,Accept-Encoding","server":"scaffolding on HTTPServer2","x-xss-protection":"0","x-frame-options":"SAMEORIGIN","x-content-type-options":"nosniff","alt-svc":"h3=\":443\"; ma=2592000,h3-29=\":443\"; ma=2592000,h3-T051=\":443\"; ma=2592000,h3-Q050=\":443\"; ma=2592000,h3-Q046=\":443\"; ma=2592000,h3-Q043=\":443\"; ma=2592000,quic=\":443\"; ma=2592000; v=\"46,43\"","accept-ranges":"none","transfer-encoding":"chunked"}
[debug] [2021-08-02T04:49:45.164Z] >>> [apiv2][query] GET https://firebase.googleapis.com/v1beta1/projects/ascentias-tech [none]
[debug] [2021-08-02T04:49:45.842Z] <<< [apiv2][status] GET https://firebase.googleapis.com/v1beta1/projects/ascentias-tech 200
[debug] [2021-08-02T04:49:45.843Z] <<< [apiv2][body] GET https://firebase.googleapis.com/v1beta1/projects/ascentias-tech {"projectId":"ascentias-tech","projectNumber":"118190197579","displayName":"ascentias-tech","name":"projects/ascentias-tech","resources":{"hostingSite":"ascentias-tech"},"state":"ACTIVE"}
[info] 
[info] === Deploying to 'ascentias-tech'...
[info] 
[info] i  deploying hosting 
[debug] [2021-08-02T04:49:45.851Z] > refreshing access token with scopes: ["email","https://www.googleapis.com/auth/cloud-platform","https://www.googleapis.com/auth/cloudplatformprojects.readonly","https://www.googleapis.com/auth/firebase","openid"]
[debug] [2021-08-02T04:49:45.851Z] >>> HTTP REQUEST POST https://www.googleapis.com/oauth2/v3/token  
 <request body omitted>
[debug] [2021-08-02T04:49:46.261Z] <<< HTTP RESPONSE 200 {"pragma":"no-cache","cache-control":"no-cache, no-store, max-age=0, must-revalidate","date":"Mon, 02 Aug 2021 04:49:48 GMT","expires":"Mon, 01 Jan 1990 00:00:00 GMT","content-type":"application/json; charset=utf-8","vary":"X-Origin, Referer, Origin,Accept-Encoding","server":"scaffolding on HTTPServer2","x-xss-protection":"0","x-frame-options":"SAMEORIGIN","x-content-type-options":"nosniff","alt-svc":"h3=\":443\"; ma=2592000,h3-29=\":443\"; ma=2592000,h3-T051=\":443\"; ma=2592000,h3-Q050=\":443\"; ma=2592000,h3-Q046=\":443\"; ma=2592000,h3-Q043=\":443\"; ma=2592000,quic=\":443\"; ma=2592000; v=\"46,43\"","accept-ranges":"none","transfer-encoding":"chunked"}
[debug] [2021-08-02T04:49:46.270Z] >>> HTTP REQUEST POST https://firebasehosting.googleapis.com/v1beta1/sites/ascentias-tech/versions  
 {"config":{"rewrites":[{"glob":"**","path":"/index.html"}]},"labels":{"deployment-tool":"cli-firebase"}}
[debug] [2021-08-02T04:50:07.887Z] Error: connect ETIMEDOUT 216.58.200.138:443
    at TCPConnectWrap.afterConnect [as oncomplete] (net.js:1148:16)
[error] 
[error] Error: Server Error. connect ETIMEDOUT 216.58.200.138:443
[debug] [2021-08-02T04:50:13.983Z] ----------------------------------------------------------------------
[debug] [2021-08-02T04:50:13.984Z] Command:       C:\Program Files\nodejs\node.exe C:\Users\infoa\AppData\Roaming\npm\node_modules\firebase-tools\lib\bin\firebase.js deploy
[debug] [2021-08-02T04:50:13.984Z] CLI Version:   9.16.0
[debug] [2021-08-02T04:50:13.985Z] Platform:      win32
[debug] [2021-08-02T04:50:13.985Z] Node Version:  v14.17.3
[debug] [2021-08-02T04:50:13.985Z] Time:          Mon Aug 02 2021 10:20:13 GMT+0530 (India Standard Time)
[debug] [2021-08-02T04:50:13.985Z] ----------------------------------------------------------------------
[debug] 
[debug] [2021-08-02T04:50:14.029Z] > command requires scopes: ["email","openid","https://www.googleapis.com/auth/cloudplatformprojects.readonly","https://www.googleapis.com/auth/firebase","https://www.googleapis.com/auth/cloud-platform"]
[debug] [2021-08-02T04:50:14.030Z] > authorizing via signed-in user (mariselvan3@gmail.com)
[debug] [2021-08-02T04:50:14.030Z] [iam] checking project ascentias-tech for permissions ["firebase.projects.get","firebasehosting.sites.update"]
[debug] [2021-08-02T04:50:14.031Z] >>> HTTP REQUEST POST https://cloudresourcemanager.googleapis.com/v1/projects/ascentias-tech:testIamPermissions  
 {"permissions":["firebase.projects.get","firebasehosting.sites.update"]}
[debug] [2021-08-02T04:50:16.176Z] <<< HTTP RESPONSE 200 {"content-type":"application/json; charset=UTF-8","vary":"X-Origin, Referer, Origin,Accept-Encoding","date":"Mon, 02 Aug 2021 04:50:18 GMT","server":"ESF","cache-control":"private","x-xss-protection":"0","x-frame-options":"SAMEORIGIN","x-content-type-options":"nosniff","server-timing":"gfet4t7; dur=1180","alt-svc":"h3=\":443\"; ma=2592000,h3-29=\":443\"; ma=2592000,h3-T051=\":443\"; ma=2592000,h3-Q050=\":443\"; ma=2592000,h3-Q046=\":443\"; ma=2592000,h3-Q043=\":443\"; ma=2592000,quic=\":443\"; ma=2592000; v=\"46,43\"","accept-ranges":"none","transfer-encoding":"chunked"}
[debug] [2021-08-02T04:50:16.179Z] > refreshing access token with scopes: []
[debug] [2021-08-02T04:50:16.179Z] >>> HTTP REQUEST POST https://www.googleapis.com/oauth2/v3/token  
 <request body omitted>
[debug] [2021-08-02T04:50:16.531Z] <<< HTTP RESPONSE 200 {"cache-control":"no-cache, no-store, max-age=0, must-revalidate","expires":"Mon, 01 Jan 1990 00:00:00 GMT","pragma":"no-cache","date":"Mon, 02 Aug 2021 04:50:19 GMT","content-type":"application/json; charset=utf-8","vary":"X-Origin, Referer, Origin,Accept-Encoding","server":"scaffolding on HTTPServer2","x-xss-protection":"0","x-frame-options":"SAMEORIGIN","x-content-type-options":"nosniff","alt-svc":"h3=\":443\"; ma=2592000,h3-29=\":443\"; ma=2592000,h3-T051=\":443\"; ma=2592000,h3-Q050=\":443\"; ma=2592000,h3-Q046=\":443\"; ma=2592000,h3-Q043=\":443\"; ma=2592000,quic=\":443\"; ma=2592000; v=\"46,43\"","accept-ranges":"none","transfer-encoding":"chunked"}
[debug] [2021-08-02T04:50:16.539Z] >>> [apiv2][query] GET https://firebase.googleapis.com/v1beta1/projects/ascentias-tech [none]
[debug] [2021-08-02T04:50:17.187Z] <<< [apiv2][status] GET https://firebase.googleapis.com/v1beta1/projects/ascentias-tech 200
[debug] [2021-08-02T04:50:17.188Z] <<< [apiv2][body] GET https://firebase.googleapis.com/v1beta1/projects/ascentias-tech {"projectId":"ascentias-tech","projectNumber":"118190197579","displayName":"ascentias-tech","name":"projects/ascentias-tech","resources":{"hostingSite":"ascentias-tech"},"state":"ACTIVE"}
[info] 
[info] === Deploying to 'ascentias-tech'...
[info] 
[info] i  deploying hosting 
[debug] [2021-08-02T04:50:17.194Z] > refreshing access token with scopes: ["email","https://www.googleapis.com/auth/cloud-platform","https://www.googleapis.com/auth/cloudplatformprojects.readonly","https://www.googleapis.com/auth/firebase","openid"]
[debug] [2021-08-02T04:50:17.194Z] >>> HTTP REQUEST POST https://www.googleapis.com/oauth2/v3/token  
 <request body omitted>
[debug] [2021-08-02T04:50:17.674Z] <<< HTTP RESPONSE 200 {"cache-control":"no-cache, no-store, max-age=0, must-revalidate","date":"Mon, 02 Aug 2021 04:50:20 GMT","expires":"Mon, 01 Jan 1990 00:00:00 GMT","pragma":"no-cache","content-type":"application/json; charset=utf-8","vary":"X-Origin, Referer, Origin,Accept-Encoding","server":"scaffolding on HTTPServer2","x-xss-protection":"0","x-frame-options":"SAMEORIGIN","x-content-type-options":"nosniff","alt-svc":"h3=\":443\"; ma=2592000,h3-29=\":443\"; ma=2592000,h3-T051=\":443\"; ma=2592000,h3-Q050=\":443\"; ma=2592000,h3-Q046=\":443\"; ma=2592000,h3-Q043=\":443\"; ma=2592000,quic=\":443\"; ma=2592000; v=\"46,43\"","accept-ranges":"none","transfer-encoding":"chunked"}
[debug] [2021-08-02T04:50:17.686Z] >>> HTTP REQUEST POST https://firebasehosting.googleapis.com/v1beta1/sites/ascentias-tech/versions  
 {"config":{"rewrites":[{"glob":"**","path":"/index.html"}]},"labels":{"deployment-tool":"cli-firebase"}}
[debug] [2021-08-02T04:50:39.109Z] Error: connect ETIMEDOUT 216.58.200.138:443
    at TCPConnectWrap.afterConnect [as oncomplete] (net.js:1148:16)
[error] 
[error] Error: Server Error. connect ETIMEDOUT 216.58.200.138:443
[debug] [2021-08-02T04:53:41.092Z] ----------------------------------------------------------------------
[debug] [2021-08-02T04:53:41.093Z] Command:       C:\Program Files\nodejs\node.exe C:\Users\infoa\AppData\Roaming\npm\node_modules\firebase-tools\lib\bin\firebase.js deploy
[debug] [2021-08-02T04:53:41.093Z] CLI Version:   9.16.0
[debug] [2021-08-02T04:53:41.094Z] Platform:      win32
[debug] [2021-08-02T04:53:41.094Z] Node Version:  v14.17.3
[debug] [2021-08-02T04:53:41.094Z] Time:          Mon Aug 02 2021 10:23:41 GMT+0530 (India Standard Time)
[debug] [2021-08-02T04:53:41.094Z] ----------------------------------------------------------------------
[debug] 
[debug] [2021-08-02T04:53:41.142Z] > command requires scopes: ["email","openid","https://www.googleapis.com/auth/cloudplatformprojects.readonly","https://www.googleapis.com/auth/firebase","https://www.googleapis.com/auth/cloud-platform"]
[debug] [2021-08-02T04:53:41.142Z] > authorizing via signed-in user (mariselvan3@gmail.com)
[debug] [2021-08-02T04:53:41.143Z] [iam] checking project ascentias-tech for permissions ["firebase.projects.get","firebasehosting.sites.update"]
[debug] [2021-08-02T04:53:41.144Z] >>> HTTP REQUEST POST https://cloudresourcemanager.googleapis.com/v1/projects/ascentias-tech:testIamPermissions  
 {"permissions":["firebase.projects.get","firebasehosting.sites.update"]}
[debug] [2021-08-02T04:53:42.733Z] <<< HTTP RESPONSE 200 {"content-type":"application/json; charset=UTF-8","vary":"X-Origin, Referer, Origin,Accept-Encoding","date":"Mon, 02 Aug 2021 04:53:45 GMT","server":"ESF","cache-control":"private","x-xss-protection":"0","x-frame-options":"SAMEORIGIN","x-content-type-options":"nosniff","server-timing":"gfet4t7; dur=1162","alt-svc":"h3=\":443\"; ma=2592000,h3-29=\":443\"; ma=2592000,h3-T051=\":443\"; ma=2592000,h3-Q050=\":443\"; ma=2592000,h3-Q046=\":443\"; ma=2592000,h3-Q043=\":443\"; ma=2592000,quic=\":443\"; ma=2592000; v=\"46,43\"","accept-ranges":"none","transfer-encoding":"chunked"}
[debug] [2021-08-02T04:53:42.735Z] > refreshing access token with scopes: []
[debug] [2021-08-02T04:53:42.735Z] >>> HTTP REQUEST POST https://www.googleapis.com/oauth2/v3/token  
 <request body omitted>
[debug] [2021-08-02T04:53:43.462Z] <<< HTTP RESPONSE 200 {"pragma":"no-cache","date":"Mon, 02 Aug 2021 04:53:45 GMT","expires":"Mon, 01 Jan 1990 00:00:00 GMT","cache-control":"no-cache, no-store, max-age=0, must-revalidate","content-type":"application/json; charset=utf-8","vary":"X-Origin, Referer, Origin,Accept-Encoding","server":"scaffolding on HTTPServer2","x-xss-protection":"0","x-frame-options":"SAMEORIGIN","x-content-type-options":"nosniff","alt-svc":"h3=\":443\"; ma=2592000,h3-29=\":443\"; ma=2592000,h3-T051=\":443\"; ma=2592000,h3-Q050=\":443\"; ma=2592000,h3-Q046=\":443\"; ma=2592000,h3-Q043=\":443\"; ma=2592000,quic=\":443\"; ma=2592000; v=\"46,43\"","accept-ranges":"none","transfer-encoding":"chunked"}
[debug] [2021-08-02T04:53:43.472Z] >>> [apiv2][query] GET https://firebase.googleapis.com/v1beta1/projects/ascentias-tech [none]
[debug] [2021-08-02T04:53:44.086Z] <<< [apiv2][status] GET https://firebase.googleapis.com/v1beta1/projects/ascentias-tech 200
[debug] [2021-08-02T04:53:44.086Z] <<< [apiv2][body] GET https://firebase.googleapis.com/v1beta1/projects/ascentias-tech {"projectId":"ascentias-tech","projectNumber":"118190197579","displayName":"ascentias-tech","name":"projects/ascentias-tech","resources":{"hostingSite":"ascentias-tech"},"state":"ACTIVE"}
[info] 
[info] === Deploying to 'ascentias-tech'...
[info] 
[info] i  deploying hosting 
[debug] [2021-08-02T04:53:44.093Z] > refreshing access token with scopes: ["email","https://www.googleapis.com/auth/cloud-platform","https://www.googleapis.com/auth/cloudplatformprojects.readonly","https://www.googleapis.com/auth/firebase","openid"]
[debug] [2021-08-02T04:53:44.093Z] >>> HTTP REQUEST POST https://www.googleapis.com/oauth2/v3/token  
 <request body omitted>
[debug] [2021-08-02T04:53:44.806Z] <<< HTTP RESPONSE 200 {"cache-control":"no-cache, no-store, max-age=0, must-revalidate","expires":"Mon, 01 Jan 1990 00:00:00 GMT","pragma":"no-cache","date":"Mon, 02 Aug 2021 04:53:47 GMT","content-type":"application/json; charset=utf-8","vary":"X-Origin, Referer, Origin,Accept-Encoding","server":"scaffolding on HTTPServer2","x-xss-protection":"0","x-frame-options":"SAMEORIGIN","x-content-type-options":"nosniff","alt-svc":"h3=\":443\"; ma=2592000,h3-29=\":443\"; ma=2592000,h3-T051=\":443\"; ma=2592000,h3-Q050=\":443\"; ma=2592000,h3-Q046=\":443\"; ma=2592000,h3-Q043=\":443\"; ma=2592000,quic=\":443\"; ma=2592000; v=\"46,43\"","accept-ranges":"none","transfer-encoding":"chunked"}
[debug] [2021-08-02T04:53:44.811Z] >>> HTTP REQUEST POST https://firebasehosting.googleapis.com/v1beta1/sites/ascentias-tech/versions  
 {"config":{"rewrites":[{"glob":"**","path":"/index.html"}]},"labels":{"deployment-tool":"cli-firebase"}}
[debug] [2021-08-02T04:54:06.148Z] Error: connect ETIMEDOUT 216.58.200.138:443
    at TCPConnectWrap.afterConnect [as oncomplete] (net.js:1148:16)
[error] 
[error] Error: Server Error. connect ETIMEDOUT 216.58.200.138:443
